Not checking results automatically
ALLURE_VERSION: 2.27.0
Generating default report
Creating executor.json for PROJECT_ID: default
Generating report for PROJECT_ID: default
Report successfully generated to /app/allure-docker-api/static/projects/default/reports/latest
Status: 200
Not checking results automatically
ALLURE_VERSION: 2.27.0
Opening existing report
Not checking results automatically
ALLURE_VERSION: 2.27.0
Opening existing report
Not checking results automatically
ALLURE_VERSION: 2.27.0
Opening existing report
Not checking results automatically
ALLURE_VERSION: 2.27.0
Opening existing report
Not checking results automatically
ALLURE_VERSION: 2.27.0
Opening existing report
Not checking results automatically
ALLURE_VERSION: 2.27.0
Opening existing report
Not checking results automatically
ALLURE_VERSION: 2.27.0
Opening existing report